
ASEM-51 V1.3                                         Copyright (c) 2002 by W.W. Heinz                                         PAGE 1





       MCS-51 Family Macro Assembler   A S E M - 5 1   V 1.3
       =====================================================



	Source File:	C:\Users\win8dot1ms\Downloads\leddisplay.asm
	Object File:	C:\Users\win8dot1ms\Downloads\leddisplay.hex
	List File:	C:\Users\win8dot1ms\Downloads\leddisplay.lst



 Line  I  Addr  Code            Source

    1:				;LCD DISPLAY
    2:		N      0000	ORG 00H
    3:	  0000	74 38		AGAIN:MOV A,#38H       ; move 38h to A
    4:	  0002	11 35		ACALL CW                ; call cw
    5:	  0004	11 42		ACALL DELAY             ; call delay routine
    6:	  0006	74 0E		MOV A,#0EH              ; move 0E to A
    7:	  0008	11 35		ACALL CW                ; call cw
    8:	  000A	11 42		ACALL DELAY             ; call delay routine
    9:	  000C	74 01		MOV A,#01H              ; move 01H to A
   10:	  000E	11 35		ACALL CW                ; call cw
   11:	  0010	11 42		ACALL DELAY             ; call delay routine
   12:	  0012	74 06		MOV A,#06H              ; move 06H to A
   13:	  0014	11 35		ACALL CW                ; call cw
   14:	  0016	11 42		ACALL DELAY             ; call delay routine
   15:	  0018	90 00 4B	MOV DPTR,#MYBYTE        ; move the byte to memory
   16:	  001B	E4		D1:CLR A                ; set A to 0
   17:	  001C	93		MOVC A,@A+DPTR
   18:	  001D	11 22		ACALL DWR               ; call delay routine
   19:	  001F	A3		INC DPTR                ; increment memory address
   20:	  0020	80 F9		SJMP D1                 ; transfer D1 to execution
   21:	  0022	F5 90		DWR:MOV P1,A            ; move A to p1
   22:	  0024	D2 A0		SETB P2.0
   23:	  0026	C2 A1		CLR P2.1
   24:	  0028	D2 A2		SETB P2.2
   25:	  002A	11 42		ACALL DELAY             ; call delay routine
   26:	  002C	11 42		ACALL DELAY
   27:	  002E	11 42		ACALL DELAY
   28:	  0030	11 42		ACALL DELAY
   29:	  0032	C2 A2		CLR P2.2                ; clear the pin p2.2
   30:	  0034	22		RET
   31:	  0035	F5 90		CW:MOV P1,A             ; move A to p1
   32:	  0037	C2 A0		CLR P2.0                ; clear the pin p2.0
   33:	  0039	C2 A1		CLR P2.1                ; clear the pin p2.1
   34:	  003B	D2 A2		SETB P2.2               ; set the pin p2.2
   35:	  003D	11 42		ACALL DELAY             ; call delay routine
   36:	  003F	C2 A2		CLR P2.2                ; clear the pin p2.2
   37:	  0041	22		RET
   38:	  0042	7B 32		DELAY:MOV R3,#50       ; move the value to R3 register
   39:	  0044	7C C8		HERE2:MOV R4,#200      ; move the valur R2 register
   40:	  0046	DC FE		HERE:DJNZ R4,HERE
   41:	  0048	DB FA		DJNZ R3,HERE2
   42:	  004A	22		RET
   43:	  004B	48 45 4C 4C	MYBYTE: DB "HELLO",0    ; the string to be displayed

ASEM-51 V1.3                                         Copyright (c) 2002 by W.W. Heinz                                         PAGE 2



 Line  I  Addr  Code            Source

	  004F	4F 00
   44:				END





                     register banks used:  ---

                     no errors




ASEM-51 V1.3                                         Copyright (c) 2002 by W.W. Heinz                                         PAGE 3





	       L I S T   O F   S Y M B O L S
	       =============================


SYMBOL				  TYPE     VALUE	LINE
------------------------------------------------------------
??ASEM_51			  NUMBER    8051
??VERSION			  NUMBER    0130
AC				  BIT	      D6
ACC				  DATA	      E0
AGAIN				  CODE	    0000	   3
B				  DATA	      F0
CW				  CODE	    0035	  31
CY				  BIT	      D7
D1				  CODE	    001B	  16
DELAY				  CODE	    0042	  38
DPH				  DATA	      83
DPL				  DATA	      82
DWR				  CODE	    0022	  21
EA				  BIT	      AF
ES				  BIT	      AC
ET0				  BIT	      A9
ET1				  BIT	      AB
EX0				  BIT	      A8
EX1				  BIT	      AA
EXTI0				  CODE	    0003
EXTI1				  CODE	    0013
F0				  BIT	      D5
HERE				  CODE	    0046	  40
HERE2				  CODE	    0044	  39
IE				  DATA	      A8
IE0				  BIT	      89
IE1				  BIT	      8B
INT0				  BIT	      B2
INT1				  BIT	      B3
IP				  DATA	      B8
IT0				  BIT	      88
IT1				  BIT	      8A
MYBYTE				  CODE	    004B	  43
OV				  BIT	      D2
P				  BIT	      D0
P0				  DATA	      80
P1				  DATA	      90
P2				  DATA	      A0
P3				  DATA	      B0
PCON				  DATA	      87
PS				  BIT	      BC
PSW				  DATA	      D0
PT0				  BIT	      B9
PT1				  BIT	      BB
PX0				  BIT	      B8
PX1				  BIT	      BA
RB8				  BIT	      9A
RD				  BIT	      B7
REN				  BIT	      9C
RESET				  CODE	    0000

ASEM-51 V1.3                                         Copyright (c) 2002 by W.W. Heinz                                         PAGE 4



SYMBOL				  TYPE     VALUE	LINE
------------------------------------------------------------
RI				  BIT	      98
RS0				  BIT	      D3
RS1				  BIT	      D4
RXD				  BIT	      B0
SBUF				  DATA	      99
SCON				  DATA	      98
SINT				  CODE	    0023
SM0				  BIT	      9F
SM1				  BIT	      9E
SM2				  BIT	      9D
SP				  DATA	      81
T0				  BIT	      B4
T1				  BIT	      B5
TB8				  BIT	      9B
TCON				  DATA	      88
TF0				  BIT	      8D
TF1				  BIT	      8F
TH0				  DATA	      8C
TH1				  DATA	      8D
TI				  BIT	      99
TIMER0				  CODE	    000B
TIMER1				  CODE	    001B
TL0				  DATA	      8A
TL1				  DATA	      8B
TMOD				  DATA	      89
TR0				  BIT	      8C
TR1				  BIT	      8E
TXD				  BIT	      B1
WR				  BIT	      B6
