TRAFFIC                                                                                                                 PAGE 1
                         1     ORG 00H
0000 020030              2     LJMP MAIN
                         3     ORG 300H
0300 C0F9A4B099          4     TBL: DB 0C0H,0F9H,0A4H,0B0H,99H,92H,82H,0F8H,80H,90H
     9282F88090
                         5     ORG 30H
****WARNING:ThisORGhaslowervaluethanthepreviousone
                         6     MAIN:
0030 75A000              7     MOV P2,#00H
0033 75B000              8     MOV P3,#00H
0036 312F                9     ACALL FRONT
0038 900300             10     MOV DPTR,#TBL
003B E4                 11     CLR A
003C 75400A             12     MOV 40H,#10
003F 75430A             13     MOV 43H,#10
0042 754614             14     MOV 46H,#20
0045 754914             15     MOV 49H,#20
0048 7823               16     MOV R0,#35
004A 7E1E               17     MOV R6,#30
004C 7F28               18     MOV R7,#40
                        19
                        20     X1:
004E E540               21     MOV A,40H
0050 75F00A             22     MOV B,#10
0053 84                 23     DIV AB
0054 F541               24     MOV 41H,A
0056 85F042             25     MOV 42H,B
                        26
                        27     A1:
0059 D2B0               28     SETB P3.0
005B C2B1               29     CLR P3.1
005D E541               30     MOV A,41H
005F 93                 31     MOVC A,@A+DPTR
0060 F5A0               32     MOV P2,A
0062 3126               33     ACALL DELAY
0064 75B000             34     MOV P3,#00H
0067 D2B1               35     SETB P3.1
0069 C2B0               36     CLR P3.0
006B E542               37     MOV A,42H
006D 93                 38     MOVC A,@A+DPTR
006E F5A0               39     MOV P2,A
0070 3126               40     ACALL DELAY
0072 75B000             41     MOV P3,#00H
0075 8002               42     SJMP X3
                        43     X2:
0077 80D5               44     SJMP X1
                        45     X3:
0079 E543               46     MOV A,43H
007B 75F00A             47     MOV B,#10
007E 84                 48     DIV AB
007F F544               49     MOV 44H,A
0081 85F045             50     MOV 45H,B
0084 D2B2               51     SETB P3.2
0086 C2B3               52     CLR P3.3
0088 E544               53     MOV A,44H
008A 93                 54     MOVC A,@A+DPTR
008B F5A0               55     MOV P2,A
008D 3126               56     ACALL DELAY
008F 75B000             57     MOV P3,#00H
0092 D2B3               58     SETB P3.3
0094 C2B2               59     CLR P3.2
0096 E545               60     MOV A,45H
0098 93                 61     MOVC A,@A+DPTR
0099 F5A0               62     MOV P2,A
009B 3126               63     ACALL DELAY
009D 75B000             64     MOV  P3,#00H
                        65
00A0 E546               66     MOV A,46H
00A2 75F00A             67     MOV B,#10
00A5 84                 68     DIV AB
00A6 F547               69     MOV 47H,A
00A8 85F048             70     MOV 48H,B
00AB D2B4               71     SETB P3.4
00AD C2B5               72     CLR P3.5
00AF E547               73     MOV A,47H
00B1 93                 74     MOVC A,@A+DPTR
00B2 F5A0               75     MOV P2,A
00B4 3126               76     ACALL DELAY
00B6 75B000             77     MOV P3,#00H
00B9 D2B5               78     SETB P3.5
00BB C2B4               79     CLR P3.4
00BD E548               80     MOV A,48H
00BF 93                 81     MOVC A,@A+DPTR
00C0 F5A0               82     MOV P2,A
00C2 3126               83     ACALL DELAY
00C4 75B000             84     MOV  P3,#00H
                        85
00C7 E549               86     MOV A,49H
00C9 75F00A             87     MOV B,#10
00CC 84                 88     DIV AB
00CD F550               89     MOV 50H,A
00CF 85F051             90     MOV 51H,B
00D2 D2B6               91     SETB P3.6
00D4 C2B7               92     CLR P3.7
00D6 E550               93     MOV A,50H
00D8 93                 94     MOVC A,@A+DPTR
00D9 F5A0               95     MOV P2,A
00DB 3126               96     ACALL DELAY
00DD 75B000             97     MOV P3,#00H
00E0 D2B7               98     SETB P3.7
00E2 C2B6               99     CLR P3.6
00E4 E551              100     MOV A,51H
00E6 93                101     MOVC A,@A+DPTR
00E7 F5A0              102     MOV P2,A
00E9 3126              103     ACALL DELAY
00EB 75B000            104     MOV  P3,#00H
                       105
00EE D887              106     DJNZ R0,X2
00F0 7823              107     MOV R0,#35
                       108
00F2 D54003            109     DJNZ 40H,Q1
00F5 754014            110     MOV 40H,#20
                       111
                       112     Q1:
00F8 D54305            113     DJNZ 43H,Q2
00FB 75430A            114     MOV 43H,#10
00FE 3136              115     ACALL RIGHT
                       116
                       117     Q2:
0100 D54606            118     DJNZ 46H,Q3
0103 754314            119     MOV 43H,#20
0106 75460A            120     MOV 46H,#10
                       121
                       122     Q3:
0109 D54905            123     DJNZ 49H,Q4
010C 75490A            124     MOV 49H,#10
010F 313D              125     ACALL BACK
                       126
                       127     Q4:
0111 DE0B              128     DJNZ R6,X4
0113 3144              129     ACALL LEFT
0115 75400A            130     MOV 40H,#10
0118 75430A            131     MOV 43H,#10
011B 75461E            132     MOV 46H,#30
                       133
                       134     X4:
011E DF03              135     DJNZ R7,L1
0120 020030            136     LJMP MAIN
                       137     L1:
0123 02004E            138     LJMP X1
                       139
                       140     DELAY:
0126 7C05              141     MOV R4,#5
0128 7DFF              142     H2:MOV R5,#0FFH
012A DDFE              143     H1:DJNZ R5,H1
012C DCFA              144     DJNZ R4,H2
012E 22                145     RET
                       146
                       147     FRONT:
012F 759054            148     MOV P1,#54H
0132 758002            149     MOV P0,#02H
0135 22                150     RET
                       151
                       152     RIGHT:
0136 7590A1            153     MOV P1,#0A1H
0139 758002            154     MOV P0,#02H
013C 22                155     RET
                       156
                       157     BACK:
013D 759009            158     MOV P1,#09H
0140 758005            159     MOV P0,#05H
0143 22                160     RET
                       161
                       162     LEFT:
0144 75904A            163     MOV P1,#4AH
0147 758008            164     MOV P0,#08H
014A 22                165     RET
                       166
****WARNING:Missing`END'directive
ASSEMBLY COMPLETE, NO ERRORS FOUND, 2 WARNINGS


ERROR SUMMARY:
Line 5, WARNING:ThisORGhaslowervaluethanthepreviousone
Line 167, WARNING:Missing`END'directive

SYMBOL TABLE:
??MCU_8051_IDE . . . . . . . . . . .  N  NUMB  8051H  NOT USED
??VERSION. . . . . . . . . . . . . .  N  NUMB  0149H  NOT USED
A1 . . . . . . . . . . . . . . . . .  C  ADDR  0059H  NOT USED
AC . . . . . . . . . . . . . . . . .  B  ADDR  00D6H  NOT USED
ACC. . . . . . . . . . . . . . . . .  D  ADDR  00E0H  NOT USED
ACSR . . . . . . . . . . . . . . . .  D  ADDR  0097H  NOT USED
ADCF . . . . . . . . . . . . . . . .  D  ADDR  00F6H  NOT USED
ADCLK. . . . . . . . . . . . . . . .  D  ADDR  00F2H  NOT USED
ADCON. . . . . . . . . . . . . . . .  D  ADDR  00F3H  NOT USED
ADDH . . . . . . . . . . . . . . . .  D  ADDR  00F5H  NOT USED
ADDL . . . . . . . . . . . . . . . .  D  ADDR  00F4H  NOT USED
AUXR . . . . . . . . . . . . . . . .  D  ADDR  008EH  NOT USED
AUXR1. . . . . . . . . . . . . . . .  D  ADDR  00A2H  NOT USED
B. . . . . . . . . . . . . . . . . .  D  ADDR  00F0H
BACK . . . . . . . . . . . . . . . .  C  ADDR  013DH
BDRCON . . . . . . . . . . . . . . .  D  ADDR  009BH  NOT USED
BDRCON_1 . . . . . . . . . . . . . .  D  ADDR  009CH  NOT USED
BRL. . . . . . . . . . . . . . . . .  D  ADDR  009AH  NOT USED
CCAP0H . . . . . . . . . . . . . . .  D  ADDR  00FAH  NOT USED
CCAP0L . . . . . . . . . . . . . . .  D  ADDR  00EAH  NOT USED
CCAP1H . . . . . . . . . . . . . . .  D  ADDR  00FBH  NOT USED
CCAP1L . . . . . . . . . . . . . . .  D  ADDR  00EBH  NOT USED
CCAP2H . . . . . . . . . . . . . . .  D  ADDR  00FCH  NOT USED
CCAP3H . . . . . . . . . . . . . . .  D  ADDR  00FDH  NOT USED
CCAP4H . . . . . . . . . . . . . . .  D  ADDR  00FEH  NOT USED
CCAPL2H. . . . . . . . . . . . . . .  D  ADDR  00FCH  NOT USED
CCAPL2L. . . . . . . . . . . . . . .  D  ADDR  00ECH  NOT USED
CCAPL3H. . . . . . . . . . . . . . .  D  ADDR  00FDH  NOT USED
CCAPL3L. . . . . . . . . . . . . . .  D  ADDR  00EDH  NOT USED
CCAPL4H. . . . . . . . . . . . . . .  D  ADDR  00FEH  NOT USED
CCAPL4L. . . . . . . . . . . . . . .  D  ADDR  00EEH  NOT USED
CCAPM0 . . . . . . . . . . . . . . .  D  ADDR  00DAH  NOT USED
CCAPM1 . . . . . . . . . . . . . . .  D  ADDR  00DBH  NOT USED
CCAPM2 . . . . . . . . . . . . . . .  D  ADDR  00DCH  NOT USED
CCAPM3 . . . . . . . . . . . . . . .  D  ADDR  00DDH  NOT USED
CCAPM4 . . . . . . . . . . . . . . .  D  ADDR  00DEH  NOT USED
CCF0 . . . . . . . . . . . . . . . .  B  ADDR  00D8H  NOT USED
CCF1 . . . . . . . . . . . . . . . .  B  ADDR  00D9H  NOT USED
CCF2 . . . . . . . . . . . . . . . .  B  ADDR  00DAH  NOT USED
CCF3 . . . . . . . . . . . . . . . .  B  ADDR  00DBH  NOT USED
CCF4 . . . . . . . . . . . . . . . .  B  ADDR  00DCH  NOT USED
CCON . . . . . . . . . . . . . . . .  D  ADDR  00D8H  NOT USED
CFINT. . . . . . . . . . . . . . . .  C  ADDR  0033H  NOT USED
CH . . . . . . . . . . . . . . . . .  D  ADDR  00F9H  NOT USED
CKCON. . . . . . . . . . . . . . . .  D  ADDR  008FH  NOT USED
CKCON0 . . . . . . . . . . . . . . .  D  ADDR  008FH  NOT USED
CKRL . . . . . . . . . . . . . . . .  D  ADDR  0097H  NOT USED
CKSEL. . . . . . . . . . . . . . . .  D  ADDR  0085H  NOT USED
CL . . . . . . . . . . . . . . . . .  D  ADDR  00E9H  NOT USED
CLKREG . . . . . . . . . . . . . . .  D  ADDR  008FH  NOT USED
CMOD . . . . . . . . . . . . . . . .  D  ADDR  00D9H  NOT USED
CPRL2. . . . . . . . . . . . . . . .  B  ADDR  00C8H  NOT USED
CR . . . . . . . . . . . . . . . . .  B  ADDR  00DEH  NOT USED
CT2. . . . . . . . . . . . . . . . .  B  ADDR  00C9H  NOT USED
CY . . . . . . . . . . . . . . . . .  B  ADDR  00D7H  NOT USED
DELAY. . . . . . . . . . . . . . . .  C  ADDR  0126H
DP0H . . . . . . . . . . . . . . . .  D  ADDR  0083H  NOT USED
DP0L . . . . . . . . . . . . . . . .  D  ADDR  0082H  NOT USED
DP1H . . . . . . . . . . . . . . . .  D  ADDR  0085H  NOT USED
DP1L . . . . . . . . . . . . . . . .  D  ADDR  0084H  NOT USED
DPH. . . . . . . . . . . . . . . . .  D  ADDR  0083H  NOT USED
DPL. . . . . . . . . . . . . . . . .  D  ADDR  0082H  NOT USED
EA . . . . . . . . . . . . . . . . .  B  ADDR  00AFH  NOT USED
EC . . . . . . . . . . . . . . . . .  B  ADDR  00AEH  NOT USED
EECON. . . . . . . . . . . . . . . .  D  ADDR  0096H  NOT USED
ES . . . . . . . . . . . . . . . . .  B  ADDR  00ACH  NOT USED
ET0. . . . . . . . . . . . . . . . .  B  ADDR  00A9H  NOT USED
ET1. . . . . . . . . . . . . . . . .  B  ADDR  00ABH  NOT USED
ET2. . . . . . . . . . . . . . . . .  B  ADDR  00ADH  NOT USED
EX0. . . . . . . . . . . . . . . . .  B  ADDR  00A8H  NOT USED
EX1. . . . . . . . . . . . . . . . .  B  ADDR  00AAH  NOT USED
EXEN2. . . . . . . . . . . . . . . .  B  ADDR  00CBH  NOT USED
EXF2 . . . . . . . . . . . . . . . .  B  ADDR  00CEH  NOT USED
EXTI0. . . . . . . . . . . . . . . .  C  ADDR  0003H  NOT USED
EXTI1. . . . . . . . . . . . . . . .  C  ADDR  0013H  NOT USED
F0 . . . . . . . . . . . . . . . . .  B  ADDR  00D5H  NOT USED
FE . . . . . . . . . . . . . . . . .  B  ADDR  009FH  NOT USED
FRONT. . . . . . . . . . . . . . . .  C  ADDR  012FH
H1 . . . . . . . . . . . . . . . . .  C  ADDR  012AH
H2 . . . . . . . . . . . . . . . . .  C  ADDR  0128H
IE . . . . . . . . . . . . . . . . .  D  ADDR  00A8H  NOT USED
IE0. . . . . . . . . . . . . . . . .  B  ADDR  0089H  NOT USED
IE1. . . . . . . . . . . . . . . . .  B  ADDR  008BH  NOT USED
INT0 . . . . . . . . . . . . . . . .  B  ADDR  00B2H  NOT USED
INT1 . . . . . . . . . . . . . . . .  B  ADDR  00B3H  NOT USED
IP . . . . . . . . . . . . . . . . .  D  ADDR  00B8H  NOT USED
IPH. . . . . . . . . . . . . . . . .  D  ADDR  00B7H  NOT USED
IPH0 . . . . . . . . . . . . . . . .  D  ADDR  00B7H  NOT USED
IPH1 . . . . . . . . . . . . . . . .  D  ADDR  00B3H  NOT USED
IPL0 . . . . . . . . . . . . . . . .  D  ADDR  00B8H  NOT USED
IPL1 . . . . . . . . . . . . . . . .  D  ADDR  00B2H  NOT USED
IT0. . . . . . . . . . . . . . . . .  B  ADDR  0088H  NOT USED
IT1. . . . . . . . . . . . . . . . .  B  ADDR  008AH  NOT USED
KBE. . . . . . . . . . . . . . . . .  D  ADDR  009DH  NOT USED
KBF. . . . . . . . . . . . . . . . .  D  ADDR  009EH  NOT USED
KBLS . . . . . . . . . . . . . . . .  D  ADDR  009CH  NOT USED
L1 . . . . . . . . . . . . . . . . .  C  ADDR  0123H
LEFT . . . . . . . . . . . . . . . .  C  ADDR  0144H
MAIN . . . . . . . . . . . . . . . .  C  ADDR  0030H
OSCCON . . . . . . . . . . . . . . .  D  ADDR  0086H  NOT USED
OV . . . . . . . . . . . . . . . . .  B  ADDR  00D2H  NOT USED
P. . . . . . . . . . . . . . . . . .  B  ADDR  00D0H  NOT USED
P0 . . . . . . . . . . . . . . . . .  D  ADDR  0080H
P1 . . . . . . . . . . . . . . . . .  D  ADDR  0090H
P1M1 . . . . . . . . . . . . . . . .  D  ADDR  00D4H  NOT USED
P1M2 . . . . . . . . . . . . . . . .  D  ADDR  00E2H  NOT USED
P2 . . . . . . . . . . . . . . . . .  D  ADDR  00A0H
P3 . . . . . . . . . . . . . . . . .  D  ADDR  00B0H
P3M1 . . . . . . . . . . . . . . . .  D  ADDR  00D5H  NOT USED
P3M2 . . . . . . . . . . . . . . . .  D  ADDR  00E3H  NOT USED
P4 . . . . . . . . . . . . . . . . .  D  ADDR  00C0H  NOT USED
P4M1 . . . . . . . . . . . . . . . .  D  ADDR  00D6H  NOT USED
P4M2 . . . . . . . . . . . . . . . .  D  ADDR  00E4H  NOT USED
P5 . . . . . . . . . . . . . . . . .  D  ADDR  00E8H  NOT USED
PC . . . . . . . . . . . . . . . . .  B  ADDR  00BEH  NOT USED
PCON . . . . . . . . . . . . . . . .  D  ADDR  0087H  NOT USED
PPCL . . . . . . . . . . . . . . . .  B  ADDR  00BEH  NOT USED
PS . . . . . . . . . . . . . . . . .  B  ADDR  00BCH  NOT USED
PSL. . . . . . . . . . . . . . . . .  B  ADDR  00BCH  NOT USED
PSW. . . . . . . . . . . . . . . . .  D  ADDR  00D0H  NOT USED
PT0. . . . . . . . . . . . . . . . .  B  ADDR  00B9H  NOT USED
PT0L . . . . . . . . . . . . . . . .  B  ADDR  00B9H  NOT USED
PT1. . . . . . . . . . . . . . . . .  B  ADDR  00BBH  NOT USED
PT1L . . . . . . . . . . . . . . . .  B  ADDR  00BBH  NOT USED
PT2. . . . . . . . . . . . . . . . .  B  ADDR  00BDH  NOT USED
PT2L . . . . . . . . . . . . . . . .  B  ADDR  00BDH  NOT USED
PX0. . . . . . . . . . . . . . . . .  B  ADDR  00B8H  NOT USED
PX0L . . . . . . . . . . . . . . . .  B  ADDR  00B8H  NOT USED
PX1. . . . . . . . . . . . . . . . .  B  ADDR  00BAH  NOT USED
PX1L . . . . . . . . . . . . . . . .  B  ADDR  00BAH  NOT USED
Q1 . . . . . . . . . . . . . . . . .  C  ADDR  00F8H
Q2 . . . . . . . . . . . . . . . . .  C  ADDR  0100H
Q3 . . . . . . . . . . . . . . . . .  C  ADDR  0109H
Q4 . . . . . . . . . . . . . . . . .  C  ADDR  0111H
RB8. . . . . . . . . . . . . . . . .  B  ADDR  009AH  NOT USED
RCAP2H . . . . . . . . . . . . . . .  D  ADDR  00CBH  NOT USED
RCAP2L . . . . . . . . . . . . . . .  D  ADDR  00CAH  NOT USED
RCLK . . . . . . . . . . . . . . . .  B  ADDR  00CDH  NOT USED
RD . . . . . . . . . . . . . . . . .  B  ADDR  00B7H  NOT USED
REN. . . . . . . . . . . . . . . . .  B  ADDR  009CH  NOT USED
RESET. . . . . . . . . . . . . . . .  C  ADDR  0000H  NOT USED
RI . . . . . . . . . . . . . . . . .  B  ADDR  0098H  NOT USED
RIGHT. . . . . . . . . . . . . . . .  C  ADDR  0136H
RS0. . . . . . . . . . . . . . . . .  B  ADDR  00D3H  NOT USED
RS1. . . . . . . . . . . . . . . . .  B  ADDR  00D4H  NOT USED
RXD. . . . . . . . . . . . . . . . .  B  ADDR  00B0H  NOT USED
SADDR. . . . . . . . . . . . . . . .  D  ADDR  00A9H  NOT USED
SADDR_0. . . . . . . . . . . . . . .  D  ADDR  00A9H  NOT USED
SADDR_1. . . . . . . . . . . . . . .  D  ADDR  00AAH  NOT USED
SADEN. . . . . . . . . . . . . . . .  D  ADDR  00B9H  NOT USED
SADEN_0. . . . . . . . . . . . . . .  D  ADDR  00B9H  NOT USED
SADEN_1. . . . . . . . . . . . . . .  D  ADDR  00BAH  NOT USED
SBUF . . . . . . . . . . . . . . . .  D  ADDR  0099H  NOT USED
SCON . . . . . . . . . . . . . . . .  D  ADDR  0098H  NOT USED
SINT . . . . . . . . . . . . . . . .  C  ADDR  0023H  NOT USED
SM0. . . . . . . . . . . . . . . . .  B  ADDR  009FH  NOT USED
SM1. . . . . . . . . . . . . . . . .  B  ADDR  009EH  NOT USED
SM2. . . . . . . . . . . . . . . . .  B  ADDR  009DH  NOT USED
SP . . . . . . . . . . . . . . . . .  D  ADDR  0081H  NOT USED
SPCON. . . . . . . . . . . . . . . .  D  ADDR  00C3H  NOT USED
SPCR . . . . . . . . . . . . . . . .  D  ADDR  00D5H  NOT USED
SPDAT. . . . . . . . . . . . . . . .  D  ADDR  00C5H  NOT USED
SPDR . . . . . . . . . . . . . . . .  D  ADDR  0086H  NOT USED
SPSR . . . . . . . . . . . . . . . .  D  ADDR  00AAH  NOT USED
SPSTA. . . . . . . . . . . . . . . .  D  ADDR  00C4H  NOT USED
T0 . . . . . . . . . . . . . . . . .  B  ADDR  00B4H  NOT USED
T1 . . . . . . . . . . . . . . . . .  B  ADDR  00B5H  NOT USED
T2CON. . . . . . . . . . . . . . . .  D  ADDR  00C8H  NOT USED
T2MOD. . . . . . . . . . . . . . . .  D  ADDR  00C9H  NOT USED
TB8. . . . . . . . . . . . . . . . .  B  ADDR  009BH  NOT USED
TBL. . . . . . . . . . . . . . . . .  C  ADDR  0300H
TCLK . . . . . . . . . . . . . . . .  B  ADDR  00CCH  NOT USED
TCON . . . . . . . . . . . . . . . .  D  ADDR  0088H  NOT USED
TF0. . . . . . . . . . . . . . . . .  B  ADDR  008DH  NOT USED
TF1. . . . . . . . . . . . . . . . .  B  ADDR  008FH  NOT USED
TF2. . . . . . . . . . . . . . . . .  B  ADDR  00CFH  NOT USED
TH0. . . . . . . . . . . . . . . . .  D  ADDR  008CH  NOT USED
TH1. . . . . . . . . . . . . . . . .  D  ADDR  008DH  NOT USED
TH2. . . . . . . . . . . . . . . . .  D  ADDR  00CDH  NOT USED
TI . . . . . . . . . . . . . . . . .  B  ADDR  0099H  NOT USED
TIMER0 . . . . . . . . . . . . . . .  C  ADDR  000BH  NOT USED
TIMER1 . . . . . . . . . . . . . . .  C  ADDR  001BH  NOT USED
TIMER2 . . . . . . . . . . . . . . .  C  ADDR  002BH  NOT USED
TL0. . . . . . . . . . . . . . . . .  D  ADDR  008AH  NOT USED
TL1. . . . . . . . . . . . . . . . .  D  ADDR  008BH  NOT USED
TL2. . . . . . . . . . . . . . . . .  D  ADDR  00CCH  NOT USED
TMOD . . . . . . . . . . . . . . . .  D  ADDR  0089H  NOT USED
TR0. . . . . . . . . . . . . . . . .  B  ADDR  008CH  NOT USED
TR1. . . . . . . . . . . . . . . . .  B  ADDR  008EH  NOT USED
TR2. . . . . . . . . . . . . . . . .  B  ADDR  00CAH  NOT USED
TXD. . . . . . . . . . . . . . . . .  B  ADDR  00B1H  NOT USED
WDTCON . . . . . . . . . . . . . . .  D  ADDR  00A7H  NOT USED
WDTPRG . . . . . . . . . . . . . . .  D  ADDR  00A7H  NOT USED
WDTRST . . . . . . . . . . . . . . .  D  ADDR  00A6H  NOT USED
WR . . . . . . . . . . . . . . . . .  B  ADDR  00B6H  NOT USED
X1 . . . . . . . . . . . . . . . . .  C  ADDR  004EH
X2 . . . . . . . . . . . . . . . . .  C  ADDR  0077H
X3 . . . . . . . . . . . . . . . . .  C  ADDR  0079H
X4 . . . . . . . . . . . . . . . . .  C  ADDR  011EH